1681334085 INFO MALLOC 5 0x7fa17beec000
---------------------------------------
1681334085 INFO FREE 13 0x7fa17beec000
---------------------------------------
1681334085 INFO MALLOC 120 0x7fa17beec000
---------------------------------------
1681334085 INFO MALLOC 12 0x7fa17beec080
---------------------------------------
1681334085 INFO MALLOC 776 0x7fa17beec094
---------------------------------------
1681334085 INFO MALLOC 112 0x7fa17beec3a4
---------------------------------------
1681334085 INFO MALLOC 1336 0x7fa17beec41c
---------------------------------------
1681334085 INFO MALLOC 216 0x7fa17beec95c
---------------------------------------
1681334085 INFO MALLOC 432 0x7fa17beeca3c
---------------------------------------
1681334085 INFO MALLOC 104 0x7fa17beecbf4
---------------------------------------
1681334085 INFO MALLOC 88 0x7fa17beecc64
---------------------------------------
1681334085 INFO MALLOC 120 0x7fa17beeccc4
---------------------------------------
1681334085 INFO MALLOC 168 0x7fa17beecd44
---------------------------------------
1681334085 INFO MALLOC 104 0x7fa17beecdf4
---------------------------------------
1681334085 INFO MALLOC 80 0x7fa17beece64
---------------------------------------
1681334085 INFO MALLOC 192 0x7fa17beecebc
---------------------------------------
1681334085 INFO MALLOC 12 0x7fa17beecf84
---------------------------------------
1681334085 INFO MALLOC 12 0x7fa17beecf98
---------------------------------------
1681334085 INFO MALLOC 12 0x7fa17beecfac
---------------------------------------
1681334085 INFO MALLOC 12 0x7fa17beecfc0
---------------------------------------
1681334085 INFO MALLOC 12 0x7fa17beecfd4
---------------------------------------
1681334085 INFO MALLOC 12 0x7fa17beecfe8
---------------------------------------
1681334085 INFO MALLOC 12 0x7fa17beecffc
---------------------------------------
1681334085 INFO MALLOC 12 0x7fa17beed010
---------------------------------------
1681334085 INFO MALLOC 12 0x7fa17beed024
---------------------------------------
1681334085 INFO MALLOC 12 0x7fa17beed038
---------------------------------------
1681334085 INFO MALLOC 12 0x7fa17beed04c
---------------------------------------
1681334085 INFO MALLOC 12 0x7fa17beed060
---------------------------------------
1681334085 INFO MALLOC 12 0x7fa17beed074
---------------------------------------
1681334085 INFO MALLOC 34 0x7fa17beed088
---------------------------------------
1681334085 INFO MALLOC 10 0x7fa17beed0b2
---------------------------------------
1681334085 INFO MALLOC 135167 0x7fa17beed0c4
---------------------------------------
1681334085 INFO FREE 135175 0x7fa17beed0c4
---------------------------------------
1681334085 MEMORY LEAK!
Address => 0x7fa17beec000
Size => 2079244288
---------------------------------------
1681334085 MEMORY LEAK!
Address => 0x7fa17beec080
Size => 2079244416
---------------------------------------
1681334085 MEMORY LEAK!
Address => 0x7fa17beec094
Size => 2079244436
---------------------------------------
1681334085 MEMORY LEAK!
Address => 0x7fa17beec3a4
Size => 2079245220
---------------------------------------
1681334085 MEMORY LEAK!
Address => 0x7fa17beec41c
Size => 2079245340
---------------------------------------
1681334085 MEMORY LEAK!
Address => 0x7fa17beec95c
Size => 2079246684
---------------------------------------
1681334085 MEMORY LEAK!
Address => 0x7fa17beeca3c
Size => 2079246908
---------------------------------------
1681334085 MEMORY LEAK!
Address => 0x7fa17beecbf4
Size => 2079247348
---------------------------------------
1681334085 MEMORY LEAK!
Address => 0x7fa17beecc64
Size => 2079247460
---------------------------------------
1681334085 MEMORY LEAK!
Address => 0x7fa17beeccc4
Size => 2079247556
---------------------------------------
1681334085 MEMORY LEAK!
Address => 0x7fa17beecd44
Size => 2079247684
---------------------------------------
1681334085 MEMORY LEAK!
Address => 0x7fa17beecdf4
Size => 2079247860
---------------------------------------
1681334085 MEMORY LEAK!
Address => 0x7fa17beece64
Size => 2079247972
---------------------------------------
1681334085 MEMORY LEAK!
Address => 0x7fa17beecebc
Size => 2079248060
---------------------------------------
1681334085 MEMORY LEAK!
Address => 0x7fa17beecf84
Size => 2079248260
---------------------------------------
1681334085 MEMORY LEAK!
Address => 0x7fa17beecf98
Size => 2079248280
---------------------------------------
1681334085 MEMORY LEAK!
Address => 0x7fa17beecfac
Size => 2079248300
---------------------------------------
1681334085 MEMORY LEAK!
Address => 0x7fa17beecfc0
Size => 2079248320
---------------------------------------
1681334085 MEMORY LEAK!
Address => 0x7fa17beecfd4
Size => 2079248340
---------------------------------------
1681334085 MEMORY LEAK!
Address => 0x7fa17beecfe8
Size => 2079248360
---------------------------------------
1681334085 MEMORY LEAK!
Address => 0x7fa17beecffc
Size => 2079248380
---------------------------------------
1681334085 MEMORY LEAK!
Address => 0x7fa17beed010
Size => 2079248400
---------------------------------------
1681334085 MEMORY LEAK!
Address => 0x7fa17beed024
Size => 2079248420
---------------------------------------
1681334085 MEMORY LEAK!
Address => 0x7fa17beed038
Size => 2079248440
---------------------------------------
1681334085 MEMORY LEAK!
Address => 0x7fa17beed04c
Size => 2079248460
---------------------------------------
1681334085 MEMORY LEAK!
Address => 0x7fa17beed060
Size => 2079248480
---------------------------------------
1681334085 MEMORY LEAK!
Address => 0x7fa17beed074
Size => 2079248500
---------------------------------------
1681334085 MEMORY LEAK!
Address => 0x7fa17beed088
Size => 2079248520
---------------------------------------
1681334085 MEMORY LEAK!
Address => 0x7fa17beed0b2
Size => 2079248562
---------------------------------------
